2025-08-08 16:03:24,824 [INFO] Scraped https://neetcode.io/problems/duplicate-integer?list=neetcode150 | DSA: 4. Hash Set Length | TC: O(n) | SC: O(n) | Desc_len: 406
2025-08-08 16:03:25,712 [INFO] Scraped https://neetcode.io/problems/is-anagram?list=neetcode150 | DSA: 3. Hash Table (Using Array) | TC: O(n+m) | SC: O(1) | Desc_len: 406
2025-08-08 16:03:26,587 [INFO] Scraped https://neetcode.io/problems/two-integer-sum?list=neetcode150 | DSA: 4. Hash Map (One Pass) | TC: O(n) | SC: O(n) | Desc_len: 406
2025-08-08 16:03:27,388 [INFO] Scraped https://neetcode.io/problems/anagram-groups?list=neetcode150 | DSA: 2. Hash Table | TC: O(m∗n) | SC: O(m) | Desc_len: 406
2025-08-08 16:03:28,256 [INFO] Scraped https://neetcode.io/problems/top-k-elements-in-list?list=neetcode150 | DSA: 3. Bucket Sort | TC: O(n) | SC: O(n) | Desc_len: 406
2025-08-08 16:03:29,032 [INFO] Scraped https://neetcode.io/problems/string-encode-and-decode?list=neetcode150 | DSA: 2. Encoding & Decoding (Optimal) | TC: O(m) | SC: O(m+n) | Desc_len: 406
2025-08-08 16:03:30,003 [INFO] Scraped https://neetcode.io/problems/products-of-array-discluding-self?list=neetcode150 | DSA: 4. Prefix & Suffix (Optimal) | TC: O(n) | SC: O(1) | Desc_len: 400
2025-08-08 16:03:30,846 [INFO] Scraped https://neetcode.io/problems/valid-sudoku?list=neetcode150 | DSA: 3. Bitmask | TC: O(n2) | SC: O(n) | Desc_len: 406
2025-08-08 16:03:31,702 [INFO] Scraped https://neetcode.io/problems/longest-consecutive-sequence?list=neetcode150 | DSA: 4. Hash Map | TC: O(n) | SC: O(n) | Desc_len: 406
2025-08-08 16:03:32,460 [INFO] Scraped https://neetcode.io/problems/is-palindrome?list=neetcode150 | DSA: 2. Two Pointers | TC: O(n) | SC: O(1) | Desc_len: 406
2025-08-08 16:03:33,306 [INFO] Scraped https://neetcode.io/problems/two-integer-sum-ii?list=neetcode150 | DSA: 4. Two Pointers | TC: O(n) | SC: O(1) | Desc_len: 406
2025-08-08 16:03:34,165 [INFO] Scraped https://neetcode.io/problems/three-integer-sum?list=neetcode150 | DSA: 3. Two Pointers | TC: O(n2) | SC: O(1) | Desc_len: 406
2025-08-08 16:03:35,076 [INFO] Scraped https://neetcode.io/problems/max-water-container?list=neetcode150 | DSA: 2. Two Pointers | TC: O(n) | SC: O(1) | Desc_len: 406
2025-08-08 16:03:35,901 [INFO] Scraped https://neetcode.io/problems/trapping-rain-water?list=neetcode150 | DSA: 4. Two Pointers | TC: O(n) | SC: O(1) | Desc_len: 406
2025-08-08 16:03:36,724 [INFO] Scraped https://neetcode.io/problems/buy-and-sell-crypto?list=neetcode150 | DSA: 3. Dynamic Programming | TC: O(n) | SC: O(1) | Desc_len: 406
2025-08-08 16:03:37,518 [INFO] Scraped https://neetcode.io/problems/longest-substring-without-duplicates?list=neetcode150 | DSA: 3. Sliding Window (Optimal) | TC: O(n) | SC: O(m) | Desc_len: 406
2025-08-08 16:03:38,427 [INFO] Scraped https://neetcode.io/problems/longest-repeating-substring-with-replacement?list=neetcode150 | DSA: 3. Sliding Window (Optimal) | TC: O(n) | SC: O(m) | Desc_len: 406
2025-08-08 16:03:39,273 [INFO] Scraped https://neetcode.io/problems/permutation-string?list=neetcode150 | DSA: 3. Sliding Window | TC: O(n) | SC: O(1) | Desc_len: 406
2025-08-08 16:03:40,150 [INFO] Scraped https://neetcode.io/problems/minimum-window-with-characters?list=neetcode150 | DSA: 2. Sliding Window | TC: O(n) | SC: O(m) | Desc_len: 406
2025-08-08 16:03:41,045 [INFO] Scraped https://neetcode.io/problems/sliding-window-maximum?list=neetcode150 | DSA: 5. Deque | TC: O(n) | SC: O(n) | Desc_len: 406
2025-08-08 16:03:41,837 [INFO] Scraped https://neetcode.io/problems/validate-parentheses?list=neetcode150 | DSA: 2. Stack | TC: O(n) | SC: O(n) | Desc_len: 406
2025-08-08 16:03:42,714 [INFO] Scraped https://neetcode.io/problems/minimum-stack?list=neetcode150 | DSA: 3. One Stack | TC: O(1) | SC: O(n) | Desc_len: 406
2025-08-08 16:03:43,543 [INFO] Scraped https://neetcode.io/problems/evaluate-reverse-polish-notation?list=neetcode150 | DSA: 4. Stack | TC: O(n) | SC: O(n) | Desc_len: 406
2025-08-08 16:03:44,362 [INFO] Scraped https://neetcode.io/problems/generate-parentheses?list=neetcode150 | DSA: 3. Dynamic Programming | TC: O(4nn) | SC: O(n) | Desc_len: 406
2025-08-08 16:03:45,265 [INFO] Scraped https://neetcode.io/problems/daily-temperatures?list=neetcode150 | DSA: 3. Dynamic Programming | TC: O(n) | SC: O(1) | Desc_len: 406
2025-08-08 16:03:46,171 [INFO] Scraped https://neetcode.io/problems/car-fleet?list=neetcode150 | DSA: 2. Iteration | TC: O(nlog⁡n) | SC: O(n) | Desc_len: 406
2025-08-08 16:03:47,019 [INFO] Scraped https://neetcode.io/problems/largest-rectangle-in-histogram?list=neetcode150 | DSA: 5. Stack (Optimal) | TC: O(n) | SC: O(n) | Desc_len: 406
2025-08-08 16:03:47,964 [INFO] Scraped https://neetcode.io/problems/binary-search?list=neetcode150 | DSA: 5. Built-In Function | TC: O(log⁡n) | SC: O(1) | Desc_len: 406
2025-08-08 16:03:48,874 [INFO] Scraped https://neetcode.io/problems/search-2d-matrix?list=neetcode150 | DSA: 4. Binary Search (One Pass) | TC: O(log⁡(m∗n) | SC: O(1) | Desc_len: 406
2025-08-08 16:03:49,814 [INFO] Scraped https://neetcode.io/problems/eating-bananas?list=neetcode150 | DSA: 2. Binary Search | TC: O(n∗log⁡m) | SC: O(1) | Desc_len: 406
2025-08-08 16:03:50,748 [INFO] Scraped https://neetcode.io/problems/find-minimum-in-rotated-sorted-array?list=neetcode150 | DSA: 3. Binary Search (Lower Bound) | TC: O(log⁡n) | SC: O(1) | Desc_len: 406
2025-08-08 16:03:51,767 [INFO] Scraped https://neetcode.io/problems/find-target-in-rotated-sorted-array?list=neetcode150 | DSA: 4. Binary Search (One Pass) | TC: O(log⁡n) | SC: O(1) | Desc_len: 406
2025-08-08 16:03:52,639 [INFO] Scraped https://neetcode.io/problems/time-based-key-value-store?list=neetcode150 | DSA: 3. Binary Search (Array) | TC: O(1) | SC: O(m∗n) | Desc_len: 406
2025-08-08 16:03:53,575 [INFO] Scraped https://neetcode.io/problems/median-of-two-sorted-arrays?list=neetcode150 | DSA: 4. Binary Search (Optimal) | TC: O(log⁡(min(n,m) | SC: O(1) | Desc_len: 406
2025-08-08 16:03:54,367 [INFO] Scraped https://neetcode.io/problems/reverse-a-linked-list?list=neetcode150 | DSA: 2. Iteration | TC: O(n) | SC: O(1) | Desc_len: 406
2025-08-08 16:03:55,200 [INFO] Scraped https://neetcode.io/problems/merge-two-sorted-linked-lists?list=neetcode150 | DSA: 2. Iteration | TC: O(n+m) | SC: O(1) | Desc_len: 406
2025-08-08 16:03:56,100 [INFO] Scraped https://neetcode.io/problems/linked-list-cycle-detection?list=neetcode150 | DSA: 2. Fast And Slow Pointers | TC: O(n) | SC: O(1) | Desc_len: 406
2025-08-08 16:03:56,993 [INFO] Scraped https://neetcode.io/problems/reorder-linked-list?list=neetcode150 | DSA: 3. Reverse And Merge | TC: O(n) | SC: O(1) | Desc_len: 406
2025-08-08 16:03:57,936 [INFO] Scraped https://neetcode.io/problems/remove-node-from-end-of-linked-list?list=neetcode150 | DSA: 4. Two Pointers | TC: O(N) | SC: O(1) | Desc_len: 406
2025-08-08 16:03:58,810 [INFO] Scraped https://neetcode.io/problems/copy-linked-list-with-random-pointer?list=neetcode150 | DSA: 5. Space Optimized - II | TC: O(n) | SC: O(1) | Desc_len: 406
2025-08-08 16:03:59,819 [INFO] Scraped https://neetcode.io/problems/add-two-numbers?list=neetcode150 | DSA: 2. Iteration | TC: O(m+n) | SC: O(1) | Desc_len: 406
2025-08-08 16:04:00,904 [INFO] Scraped https://neetcode.io/problems/find-duplicate-integer?list=neetcode150 | DSA: 7. Fast And Slow Pointers | TC: O(n) | SC: O(1) | Desc_len: 406
2025-08-08 16:04:01,964 [INFO] Scraped https://neetcode.io/problems/lru-cache?list=neetcode150 | DSA: 3. Built-In Data Structure | TC: O(1) | SC: O(n) | Desc_len: 406
2025-08-08 16:04:03,137 [INFO] Scraped https://neetcode.io/problems/merge-k-sorted-linked-lists?list=neetcode150 | DSA: 6. Divide And Conquer (Iteration) | TC: O(nlog⁡k) | SC: O(k) | Desc_len: 406
2025-08-08 16:04:04,512 [INFO] Scraped https://neetcode.io/problems/reverse-nodes-in-k-group?list=neetcode150 | DSA: 2. Iteration | TC: O(n) | SC: O(1) | Desc_len: 406
2025-08-08 16:04:05,397 [INFO] Scraped https://neetcode.io/problems/invert-a-binary-tree?list=neetcode150 | DSA: 3. Iterative DFS | TC: O(n) | SC: O(n) | Desc_len: 406
2025-08-08 16:04:06,227 [INFO] Scraped https://neetcode.io/problems/depth-of-binary-tree?list=neetcode150 | DSA: 3. Breadth First Search | TC: O(n) | SC: O(n) | Desc_len: 406
2025-08-08 16:04:07,255 [INFO] Scraped https://neetcode.io/problems/binary-tree-diameter?list=neetcode150 | DSA: 3. Iterative DFS | TC: O(n) | SC: O(n) | Desc_len: 406
2025-08-08 16:04:08,328 [INFO] Scraped https://neetcode.io/problems/balanced-binary-tree?list=neetcode150 | DSA: 3. Iterative DFS | TC: O(n) | SC: O(n) | Desc_len: 406
2025-08-08 16:04:09,433 [INFO] Scraped https://neetcode.io/problems/same-binary-tree?list=neetcode150 | DSA: 3. Breadth First Search | TC: O(n) | SC: O(n) | Desc_len: 406
2025-08-08 16:04:10,323 [INFO] Scraped https://neetcode.io/problems/subtree-of-a-binary-tree?list=neetcode150 | DSA: 2. Serialization And Pattern Matching | TC: O(m+n) | SC: O(m+n) | Desc_len: 406
2025-08-08 16:04:11,109 [INFO] Scraped https://neetcode.io/problems/lowest-common-ancestor-in-binary-search-tree?list=neetcode150 | DSA: 2. Iteration | TC: O(h) | SC: O(1) | Desc_len: 406
2025-08-08 16:04:11,923 [INFO] Scraped https://neetcode.io/problems/level-order-traversal-of-binary-tree?list=neetcode150 | DSA: 2. Breadth First Search | TC: O(n) | SC: O(n) | Desc_len: 406
2025-08-08 16:04:12,822 [INFO] Scraped https://neetcode.io/problems/binary-tree-right-side-view?list=neetcode150 | DSA: 2. Breadth First Search | TC: O(n) | SC: O(n) | Desc_len: 406
2025-08-08 16:04:13,654 [INFO] Scraped https://neetcode.io/problems/count-good-nodes-in-binary-tree?list=neetcode150 | DSA: 2. Breadth First Search | TC: O(n) | SC: O(n) | Desc_len: 406
2025-08-08 16:04:14,409 [INFO] Scraped https://neetcode.io/problems/valid-binary-search-tree?list=neetcode150 | DSA: 3. Breadth First Search | TC: O(n) | SC: O(n) | Desc_len: 406
2025-08-08 16:04:15,341 [INFO] Scraped https://neetcode.io/problems/kth-smallest-integer-in-bst?list=neetcode150 | DSA: 5. Morris Traversal | TC: O(n) | SC: O(1) | Desc_len: 406
2025-08-08 16:04:16,272 [INFO] Scraped https://neetcode.io/problems/binary-tree-from-preorder-and-inorder-traversal?list=neetcode150 | DSA: 3. Depth First Search (Optimal) | TC: O(n) | SC: O(n) | Desc_len: 406
2025-08-08 16:04:17,282 [INFO] Scraped https://neetcode.io/problems/binary-tree-maximum-path-sum?list=neetcode150 | DSA: 2. Depth First Search (Optimal) | TC: O(n) | SC: O(n) | Desc_len: 406
2025-08-08 16:04:18,210 [INFO] Scraped https://neetcode.io/problems/serialize-and-deserialize-binary-tree?list=neetcode150 | DSA: 2. Breadth First Search | TC: O(n) | SC: O(n) | Desc_len: 406
2025-08-08 16:04:19,048 [INFO] Scraped https://neetcode.io/problems/kth-largest-integer-in-a-stream?list=neetcode150 | DSA: 2. Min-Heap | TC: O(m∗log⁡k) | SC: O(k) | Desc_len: 406
2025-08-08 16:04:19,967 [INFO] Scraped https://neetcode.io/problems/last-stone-weight?list=neetcode150 | DSA: 4. Bucket Sort | TC: O(n+w) | SC: O(w) | Desc_len: 406
2025-08-08 16:04:20,887 [INFO] Scraped https://neetcode.io/problems/k-closest-points-to-origin?list=neetcode150 | DSA: 4. Quick Select | TC: O(n) | SC: O(1) | Desc_len: 406
2025-08-08 16:04:21,726 [INFO] Scraped https://neetcode.io/problems/kth-largest-element-in-an-array?list=neetcode150 | DSA: 4. Quick Select (Optimal) | TC: O(n) | SC: O(1) | Desc_len: 406
2025-08-08 16:04:22,627 [INFO] Scraped https://neetcode.io/problems/task-scheduling?list=neetcode150 | DSA: 4. Math | TC: O(m) | SC: O(1) | Desc_len: 406
2025-08-08 16:04:23,645 [INFO] Scraped https://neetcode.io/problems/design-twitter-feed?list=neetcode150 | DSA: 3. Heap (Optimal) | TC: O(n) | SC: O(N∗m+N∗M+n) | Desc_len: 406
2025-08-08 16:04:24,521 [INFO] Scraped https://neetcode.io/problems/find-median-in-a-data-stream?list=neetcode150 | DSA: 2. Heap | TC: O(m∗log⁡n) | SC: O(n) | Desc_len: 406
2025-08-08 16:04:25,444 [INFO] Scraped https://neetcode.io/problems/subsets?list=neetcode150 | DSA: 3. Bit Manipulation | TC: O(n∗2n) | SC: O(n) | Desc_len: 406
2025-08-08 16:04:26,775 [INFO] Scraped https://neetcode.io/problems/combination-target-sum?list=neetcode150 | DSA: 2. Backtracking (Optimal) | TC: O(2tm) | SC: O(tm) | Desc_len: 406
2025-08-08 16:04:27,667 [INFO] Scraped https://neetcode.io/problems/combination-target-sum-ii?list=neetcode150 | DSA: 4. Backtracking (Optimal) | TC: O(n∗2n) | SC: O(n) | Desc_len: 406
2025-08-08 16:04:28,482 [INFO] Scraped https://neetcode.io/problems/permutations?list=neetcode150 | DSA: 5. Backtracking (Optimal) | TC: O(n!∗n) | SC: O(n!∗n) | Desc_len: 406
2025-08-08 16:04:29,414 [INFO] Scraped https://neetcode.io/problems/subsets-ii?list=neetcode150 | DSA: 4. Iteration | TC: O(n∗2n) | SC: O(1) | Desc_len: 406
2025-08-08 16:04:30,274 [INFO] Scraped https://neetcode.io/problems/search-for-word?list=neetcode150 | DSA: 3. Backtracking (Optimal) | TC: O(m∗4n) | SC: O(n) | Desc_len: 406
2025-08-08 16:04:31,650 [INFO] Scraped https://neetcode.io/problems/palindrome-partitioning?list=neetcode150 | DSA: 4. Recursion | TC: O(n∗2n) | SC: O(n2) | Desc_len: 406
2025-08-08 16:04:32,541 [INFO] Scraped https://neetcode.io/problems/combinations-of-a-phone-number?list=neetcode150 | DSA: 2. Iteration | TC: O(n∗4n) | SC: O(n) | Desc_len: 406
2025-08-08 16:04:33,554 [INFO] Scraped https://neetcode.io/problems/n-queens?list=neetcode150 | DSA: 4. Backtracking (Bit Mask) | TC: O(n!) | SC: O(n2) | Desc_len: 406
2025-08-08 16:04:34,423 [INFO] Scraped https://neetcode.io/problems/implement-prefix-tree?list=neetcode150 | DSA: 2. Prefix Tree (Hash Map) | TC: O(n) | SC: O(t) | Desc_len: 406
2025-08-08 16:04:35,379 [INFO] Scraped https://neetcode.io/problems/design-word-search-data-structure?list=neetcode150 | DSA: 2. Depth First Search (Trie) | TC: O(n) | SC: O(t+n) | Desc_len: 406
2025-08-08 16:04:36,383 [INFO] Scraped https://neetcode.io/problems/search-for-word-ii?list=neetcode150 | DSA: 3. Backtracking (Trie) | TC: O(m∗n∗4∗3t−1+s) | SC: O(s) | Desc_len: 406
2025-08-08 16:04:37,258 [INFO] Scraped https://neetcode.io/problems/count-number-of-islands?list=neetcode150 | DSA: 3. Disjoint Set Union | TC: O(m∗n) | SC: O(m∗n) | Desc_len: 406
2025-08-08 16:04:38,559 [INFO] Scraped https://neetcode.io/problems/max-area-of-island?list=neetcode150 | DSA: 3. Disjoint Set Union | TC: O(m∗n) | SC: O(m∗n) | Desc_len: 406
2025-08-08 16:04:39,418 [INFO] Scraped https://neetcode.io/problems/clone-graph?list=neetcode150 | DSA: 2. Breadth First Search | TC: O(V+E) | SC: O(V) | Desc_len: 406
2025-08-08 16:04:40,310 [INFO] Scraped https://neetcode.io/problems/islands-and-treasure?list=neetcode150 | DSA: 3. Multi Source BFS | TC: O(m∗n) | SC: O(m∗n) | Desc_len: 406
2025-08-08 16:04:41,317 [INFO] Scraped https://neetcode.io/problems/rotting-fruit?list=neetcode150 | DSA: 2. Breadth First Search (No Queue) | TC: O((m∗n) | SC: O(1) | Desc_len: 406
2025-08-08 16:04:42,297 [INFO] Scraped https://neetcode.io/problems/pacific-atlantic-water-flow?list=neetcode150 | DSA: 3. Breadth First Search | TC: O(m∗n) | SC: O(m∗n) | Desc_len: 406
2025-08-08 16:04:43,264 [INFO] Scraped https://neetcode.io/problems/surrounded-regions?list=neetcode150 | DSA: 3. Disjoint Set Union | TC: O(m∗n) | SC: O(m∗n) | Desc_len: 406
2025-08-08 16:04:44,228 [INFO] Scraped https://neetcode.io/problems/course-schedule?list=neetcode150 | DSA: 2. Topological Sort (Kahn's Algorithm) | TC: O(V+E) | SC: O(V+E) | Desc_len: 406
2025-08-08 16:04:45,198 [INFO] Scraped https://neetcode.io/problems/course-schedule-ii?list=neetcode150 | DSA: 3. Topological Sort (DFS) | TC: O(V+E) | SC: O(V+E) | Desc_len: 406
2025-08-08 16:04:46,069 [INFO] Scraped https://neetcode.io/problems/valid-tree?list=neetcode150 | DSA: 3. Disjoint Set Union | TC: O(V+(E∗α(V) | SC: O(V) | Desc_len: 406
2025-08-08 16:04:46,974 [INFO] Scraped https://neetcode.io/problems/count-connected-components?list=neetcode150 | DSA: 3. Disjoint Set Union (Rank | Size) | TC: O(V+(E∗α(V) | SC: O(V) | Desc_len: 406
2025-08-08 16:04:47,889 [INFO] Scraped https://neetcode.io/problems/redundant-connection?list=neetcode150 | DSA: 4. Disjoint Set Union | TC: O(V+(E∗α(V) | SC: O(V) | Desc_len: 406
2025-08-08 16:04:48,993 [INFO] Scraped https://neetcode.io/problems/word-ladder?list=neetcode150 | DSA: 4. Meet In The Middle (BFS) | TC: O(m2∗n) | SC: O(m2∗n) | Desc_len: 406
2025-08-08 16:04:49,897 [INFO] Scraped https://neetcode.io/problems/network-delay-time?list=neetcode150 | DSA: 5. Dijkstra's Algorithm | TC: O(Elog⁡V) | SC: O(V+E) | Desc_len: 406
2025-08-08 16:04:50,982 [INFO] Scraped https://neetcode.io/problems/reconstruct-flight-path?list=neetcode150 | DSA: 3. Hierholzer's Algorithm (Iteration) | TC: O(Elog⁡E) | SC: O(E) | Desc_len: 406
2025-08-08 16:04:52,291 [INFO] Scraped https://neetcode.io/problems/min-cost-to-connect-points?list=neetcode150 | DSA: 3. Prim's Algorithm (Optimal) | TC: O(n2) | SC: O(n) | Desc_len: 406
2025-08-08 16:04:53,371 [INFO] Scraped https://neetcode.io/problems/swim-in-rising-water?list=neetcode150 | DSA: 5. Kruskal's Algorithm | TC: O(n2log⁡n) | SC: O(n2) | Desc_len: 406
2025-08-08 16:04:54,381 [INFO] Scraped https://neetcode.io/problems/foreign-dictionary?list=neetcode150 | DSA: 2. Topological Sort (Kahn's Algorithm) | TC: O(N+V+E) | SC: O(V+E) | Desc_len: 406
2025-08-08 16:04:55,416 [INFO] Scraped https://neetcode.io/problems/cheapest-flight-path?list=neetcode150 | DSA: 3. Shortest Path Faster Algorithm | TC: O(n∗k) | SC: O(n+m) | Desc_len: 406
2025-08-08 16:04:56,303 [INFO] Scraped https://neetcode.io/problems/climbing-stairs?list=neetcode150 | DSA: 6. Math | TC: O(log⁡n) | SC: O(1) | Desc_len: 406
2025-08-08 16:04:57,371 [INFO] Scraped https://neetcode.io/problems/min-cost-climbing-stairs?list=neetcode150 | DSA: 4. Dynamic Programming (Space Optimized) | TC: O(n) | SC: O(1) | Desc_len: 406
2025-08-08 16:04:59,294 [INFO] Scraped https://neetcode.io/problems/house-robber?list=neetcode150 | DSA: 4. Dynamic Programming (Space Optimized) | TC: O(n) | SC: O(1) | Desc_len: 406
2025-08-08 16:05:00,248 [INFO] Scraped https://neetcode.io/problems/house-robber-ii?list=neetcode150 | DSA: 4. Dynamic Programming (Space Optimized) | TC: O(n) | SC: O(1) | Desc_len: 406
2025-08-08 16:05:01,167 [INFO] Scraped https://neetcode.io/problems/longest-palindromic-substring?list=neetcode150 | DSA: 4. Manacher's Algorithm | TC: O(n) | SC: O(n) | Desc_len: 406
2025-08-08 16:05:02,141 [INFO] Scraped https://neetcode.io/problems/palindromic-substrings?list=neetcode150 | DSA: 5. Manacher's Algorithm | TC: O(n) | SC: O(n) | Desc_len: 406
2025-08-08 16:05:03,078 [INFO] Scraped https://neetcode.io/problems/decode-ways?list=neetcode150 | DSA: 4. Dynamic Programming (Space Optimized) | TC: O(n) | SC: O(1) | Desc_len: 406
2025-08-08 16:05:04,057 [INFO] Scraped https://neetcode.io/problems/coin-change?list=neetcode150 | DSA: 4. Breadth First Search | TC: O(n∗t) | SC: O(t) | Desc_len: 406
2025-08-08 16:05:05,397 [INFO] Scraped https://neetcode.io/problems/maximum-product-subarray?list=neetcode150 | DSA: 4. Prefix & Suffix | TC: O(n) | SC: O(1) | Desc_len: 406
2025-08-08 16:05:06,826 [INFO] Scraped https://neetcode.io/problems/word-break?list=neetcode150 | DSA: 6. Dynamic Programming (Trie) | TC: O((n∗t2) | SC: O(n+(m∗t) | Desc_len: 406
2025-08-08 16:05:08,211 [INFO] Scraped https://neetcode.io/problems/longest-increasing-subsequence?list=neetcode150 | DSA: 7. Dynamic Programming + Binary Search | TC: O(nlog⁡n) | SC: O(n) | Desc_len: 406
2025-08-08 16:05:09,168 [INFO] Scraped https://neetcode.io/problems/partition-equal-subset-sum?list=neetcode150 | DSA: 7. Dynamic Programming (Bitset) | TC: O(n∗target) | SC: O(target) | Desc_len: 406
2025-08-08 16:05:10,543 [INFO] Scraped https://neetcode.io/problems/count-paths?list=neetcode150 | DSA: 6. Math | TC: O(min(m,n) | SC: O(1) | Desc_len: 406
2025-08-08 16:05:11,650 [INFO] Scraped https://neetcode.io/problems/longest-common-subsequence?list=neetcode150 | DSA: 5. Dynamic Programming (Optimal) | TC: O(m∗n) | SC: O(min(m,n) | Desc_len: 406
2025-08-08 16:05:12,548 [INFO] Scraped https://neetcode.io/problems/buy-and-sell-crypto-with-cooldown?list=neetcode150 | DSA: 4. Dynamic Programming (Space Optimized) | TC: O(n) | SC: O(1) | Desc_len: 406
2025-08-08 16:05:13,582 [INFO] Scraped https://neetcode.io/problems/coin-change-ii?list=neetcode150 | DSA: 5. Dynamic Programming (Optimal) | TC: O(n∗a) | SC: O(a) | Desc_len: 406
2025-08-08 16:05:14,519 [INFO] Scraped https://neetcode.io/problems/target-sum?list=neetcode150 | DSA: 4. Dynamic Programming (Space Optimized) | TC: O(n∗m) | SC: O(m) | Desc_len: 406
2025-08-08 16:05:15,617 [INFO] Scraped https://neetcode.io/problems/interleaving-string?list=neetcode150 | DSA: 5. Dynamic Programming (Optimal) | TC: O(m∗n) | SC: O(min(m,n) | Desc_len: 406
2025-08-08 16:05:16,967 [INFO] Scraped https://neetcode.io/problems/longest-increasing-path-in-matrix?list=neetcode150 | DSA: 3. Topological Sort (Kahn's Algorithm) | TC: O(m∗n) | SC: O(m∗n) | Desc_len: 406
2025-08-08 16:05:18,312 [INFO] Scraped https://neetcode.io/problems/count-subsequences?list=neetcode150 | DSA: 5. Dynamic Programming (Optimal) | TC: O(m∗n) | SC: O(n) | Desc_len: 406
2025-08-08 16:05:19,669 [INFO] Scraped https://neetcode.io/problems/edit-distance?list=neetcode150 | DSA: 5. Dynamic Programming (Optimal) | TC: O(m∗n) | SC: O(min(m,n) | Desc_len: 406
2025-08-08 16:05:20,663 [INFO] Scraped https://neetcode.io/problems/burst-balloons?list=neetcode150 | DSA: 3. Dynamic Programming (Bottom-Up) | TC: O(n3) | SC: O(n2) | Desc_len: 406
2025-08-08 16:05:21,689 [INFO] Scraped https://neetcode.io/problems/regular-expression-matching?list=neetcode150 | DSA: 5. Dynamic Programming (Optimal) | TC: O(m∗n) | SC: O(n) | Desc_len: 406
2025-08-08 16:05:22,581 [INFO] Scraped https://neetcode.io/problems/maximum-subarray?list=neetcode150 | DSA: 7. Divide & Conquer | TC: O(nlog⁡n) | SC: O(log⁡n) | Desc_len: 406
2025-08-08 16:05:23,558 [INFO] Scraped https://neetcode.io/problems/jump-game?list=neetcode150 | DSA: 4. Greedy | TC: O(n) | SC: O(1) | Desc_len: 406
2025-08-08 16:05:24,865 [INFO] Scraped https://neetcode.io/problems/jump-game-ii?list=neetcode150 | DSA: 4. Breadth First Search (Greedy) | TC: O(n) | SC: O(1) | Desc_len: 406
2025-08-08 16:05:26,244 [INFO] Scraped https://neetcode.io/problems/gas-station?list=neetcode150 | DSA: 3. Greedy | TC: O(n) | SC: O(1) | Desc_len: 406
2025-08-08 16:05:27,251 [INFO] Scraped https://neetcode.io/problems/hand-of-straights?list=neetcode150 | DSA: 4. Hash Map | TC: O(n) | SC: O(n) | Desc_len: 406
2025-08-08 16:05:29,039 [INFO] Scraped https://neetcode.io/problems/merge-triplets-to-form-target?list=neetcode150 | DSA: 2. Greedy (Optimal) | TC: O(n) | SC: O(1) | Desc_len: 406
2025-08-08 16:05:30,402 [INFO] Scraped https://neetcode.io/problems/partition-labels?list=neetcode150 | DSA: 1. Two Pointers (Greedy) | TC: O(n) | SC: O(m) | Desc_len: 406
2025-08-08 16:05:31,426 [INFO] Scraped https://neetcode.io/problems/valid-parenthesis-string?list=neetcode150 | DSA: 6. Greedy | TC: O(n) | SC: O(1) | Desc_len: 406
2025-08-08 16:05:32,304 [INFO] Scraped https://neetcode.io/problems/insert-new-interval?list=neetcode150 | DSA: 3. Greedy | TC: O(n) | SC: O(1) | Desc_len: 406
2025-08-08 16:05:33,118 [INFO] Scraped https://neetcode.io/problems/merge-intervals?list=neetcode150 | DSA: 3. Greedy | TC: O(n+m) | SC: O(n) | Desc_len: 406
2025-08-08 16:05:34,188 [INFO] Scraped https://neetcode.io/problems/non-overlapping-intervals?list=neetcode150 | DSA: 6. Greedy (Sort By End) | TC: O(nlog⁡n) | SC: O(1) | Desc_len: 406
2025-08-08 16:05:35,492 [INFO] Scraped https://neetcode.io/problems/meeting-schedule?list=neetcode150 | DSA: 2. Sorting | TC: O(nlog⁡n) | SC: O(1) | Desc_len: 406
2025-08-08 16:05:36,322 [INFO] Scraped https://neetcode.io/problems/meeting-schedule-ii?list=neetcode150 | DSA: 4. Greedy | TC: O(nlog⁡n) | SC: O(n) | Desc_len: 406
2025-08-08 16:05:37,712 [INFO] Scraped https://neetcode.io/problems/minimum-interval-including-query?list=neetcode150 | DSA: 4. Min Segment Tree (Lazy Propagation) | TC: O((n+m) | SC: O(k) | Desc_len: 406
2025-08-08 16:05:38,730 [INFO] Scraped https://neetcode.io/problems/rotate-matrix?list=neetcode150 | DSA: 3. Reverse And Transpose | TC: O(n2) | SC: O(1) | Desc_len: 406
2025-08-08 16:05:39,706 [INFO] Scraped https://neetcode.io/problems/spiral-matrix?list=neetcode150 | DSA: 3. Iteration (Optimal) | TC: O(m∗n) | SC: O(1) | Desc_len: 406
2025-08-08 16:05:41,039 [INFO] Scraped https://neetcode.io/problems/set-zeroes-in-matrix?list=neetcode150 | DSA: 3. Iteration (Space Optimized) | TC: O(m∗n) | SC: O(1) | Desc_len: 406
2025-08-08 16:05:42,003 [INFO] Scraped https://neetcode.io/problems/non-cyclical-number?list=neetcode150 | DSA: 3. Fast And Slow Pointers - II | TC: O(log⁡n) | SC: O(1) | Desc_len: 406
2025-08-08 16:05:42,926 [INFO] Scraped https://neetcode.io/problems/plus-one?list=neetcode150 | DSA: 3. Iteration - II | TC: O(n) | SC: O(n) | Desc_len: 406
2025-08-08 16:05:44,245 [INFO] Scraped https://neetcode.io/problems/pow-x-n?list=neetcode150 | DSA: 3. Binary Exponentiation (Iterative) | TC: O(log⁡n) | SC: O(1) | Desc_len: 406
2025-08-08 16:05:45,203 [INFO] Scraped https://neetcode.io/problems/multiply-strings?list=neetcode150 | DSA: 2. Multiplication | TC: O(m∗n) | SC: O(m+n) | Desc_len: 406
2025-08-08 16:05:46,497 [INFO] Scraped https://neetcode.io/problems/count-squares?list=neetcode150 | DSA: 2. Hash Map - II | TC: O(1) | SC: O(n) | Desc_len: 406
2025-08-08 16:05:47,445 [INFO] Scraped https://neetcode.io/problems/single-number?list=neetcode150 | DSA: 4. Bit Manipulation | TC: O(n) | SC: O(1) | Desc_len: 406
2025-08-08 16:05:48,418 [INFO] Scraped https://neetcode.io/problems/number-of-one-bits?list=neetcode150 | DSA: 4. Built-In Function | TC: O(1) | SC: O(1) | Desc_len: 400
2025-08-08 16:05:49,439 [INFO] Scraped https://neetcode.io/problems/counting-bits?list=neetcode150 | DSA: 5. Bit Manipulation (Optimal) | TC: O(n) | SC: O(1) | Desc_len: 406
2025-08-08 16:05:50,264 [INFO] Scraped https://neetcode.io/problems/reverse-bits?list=neetcode150 | DSA: 3. Bit Manipulation (Optimal) | TC: O(1) | SC: O(1) | Desc_len: 406
2025-08-08 16:05:51,112 [INFO] Scraped https://neetcode.io/problems/missing-number?list=neetcode150 | DSA: 4. Math | TC: O(n) | SC: O(1) | Desc_len: 406
2025-08-08 16:05:52,587 [INFO] Scraped https://neetcode.io/problems/sum-of-two-integers?list=neetcode150 | DSA: 3. Bit Manipulation (Optimal) | TC: O(1) | SC: O(1) | Desc_len: 406
2025-08-08 16:05:53,529 [INFO] Scraped https://neetcode.io/problems/reverse-integer?list=neetcode150 | DSA: 3. Iteration | TC: O(1) | SC: O(1) | Desc_len: 406
2025-08-08 17:00:23,925 [ERROR] Description parse error at https://neetcode.io/problems/duplicate-integer?list=neetcode150: 'list' object has no attribute 'strip'
2025-08-08 17:00:24,945 [ERROR] Description parse error at https://neetcode.io/problems/is-anagram?list=neetcode150: 'list' object has no attribute 'strip'
2025-08-08 17:00:25,997 [ERROR] Description parse error at https://neetcode.io/problems/two-integer-sum?list=neetcode150: 'list' object has no attribute 'strip'
2025-08-08 17:00:26,942 [ERROR] Description parse error at https://neetcode.io/problems/anagram-groups?list=neetcode150: 'list' object has no attribute 'strip'
2025-08-08 17:00:27,961 [ERROR] Description parse error at https://neetcode.io/problems/top-k-elements-in-list?list=neetcode150: 'list' object has no attribute 'strip'
2025-08-08 17:00:29,556 [ERROR] Description parse error at https://neetcode.io/problems/string-encode-and-decode?list=neetcode150: 'list' object has no attribute 'strip'
2025-08-08 17:00:30,515 [ERROR] Description parse error at https://neetcode.io/problems/products-of-array-discluding-self?list=neetcode150: 'list' object has no attribute 'strip'
2025-08-08 17:00:31,491 [ERROR] Description parse error at https://neetcode.io/problems/valid-sudoku?list=neetcode150: 'list' object has no attribute 'strip'
2025-08-08 17:00:32,475 [ERROR] Description parse error at https://neetcode.io/problems/longest-consecutive-sequence?list=neetcode150: 'list' object has no attribute 'strip'
2025-08-08 17:00:33,404 [ERROR] Description parse error at https://neetcode.io/problems/is-palindrome?list=neetcode150: 'list' object has no attribute 'strip'
2025-08-08 17:00:34,343 [ERROR] Description parse error at https://neetcode.io/problems/two-integer-sum-ii?list=neetcode150: 'list' object has no attribute 'strip'
2025-08-08 17:00:35,409 [ERROR] Description parse error at https://neetcode.io/problems/three-integer-sum?list=neetcode150: 'list' object has no attribute 'strip'
2025-08-08 17:00:36,381 [ERROR] Description parse error at https://neetcode.io/problems/max-water-container?list=neetcode150: 'list' object has no attribute 'strip'
2025-08-08 17:00:37,297 [ERROR] Description parse error at https://neetcode.io/problems/trapping-rain-water?list=neetcode150: 'list' object has no attribute 'strip'
2025-08-08 17:00:38,319 [ERROR] Description parse error at https://neetcode.io/problems/buy-and-sell-crypto?list=neetcode150: 'list' object has no attribute 'strip'
2025-08-08 17:00:39,257 [ERROR] Description parse error at https://neetcode.io/problems/longest-substring-without-duplicates?list=neetcode150: 'list' object has no attribute 'strip'
2025-08-08 17:00:40,191 [ERROR] Description parse error at https://neetcode.io/problems/longest-repeating-substring-with-replacement?list=neetcode150: 'list' object has no attribute 'strip'
2025-08-08 17:00:41,310 [ERROR] Description parse error at https://neetcode.io/problems/permutation-string?list=neetcode150: 'list' object has no attribute 'strip'
2025-08-08 17:00:42,327 [ERROR] Description parse error at https://neetcode.io/problems/minimum-window-with-characters?list=neetcode150: 'list' object has no attribute 'strip'
2025-08-08 17:00:43,361 [ERROR] Description parse error at https://neetcode.io/problems/sliding-window-maximum?list=neetcode150: 'list' object has no attribute 'strip'
2025-08-08 17:00:44,364 [ERROR] Description parse error at https://neetcode.io/problems/validate-parentheses?list=neetcode150: 'list' object has no attribute 'strip'
2025-08-08 17:00:45,471 [ERROR] Description parse error at https://neetcode.io/problems/minimum-stack?list=neetcode150: 'list' object has no attribute 'strip'
2025-08-08 17:00:46,962 [ERROR] Description parse error at https://neetcode.io/problems/evaluate-reverse-polish-notation?list=neetcode150: 'list' object has no attribute 'strip'
2025-08-08 17:00:48,210 [ERROR] Description parse error at https://neetcode.io/problems/generate-parentheses?list=neetcode150: 'list' object has no attribute 'strip'
2025-08-08 17:00:49,491 [ERROR] Description parse error at https://neetcode.io/problems/daily-temperatures?list=neetcode150: 'list' object has no attribute 'strip'
2025-08-08 17:00:50,458 [ERROR] Description parse error at https://neetcode.io/problems/car-fleet?list=neetcode150: 'list' object has no attribute 'strip'
2025-08-08 17:00:51,376 [ERROR] Description parse error at https://neetcode.io/problems/largest-rectangle-in-histogram?list=neetcode150: 'list' object has no attribute 'strip'
2025-08-08 17:00:52,494 [ERROR] Description parse error at https://neetcode.io/problems/binary-search?list=neetcode150: 'list' object has no attribute 'strip'
2025-08-08 17:00:53,489 [ERROR] Description parse error at https://neetcode.io/problems/search-2d-matrix?list=neetcode150: 'list' object has no attribute 'strip'
2025-08-08 17:00:54,555 [ERROR] Description parse error at https://neetcode.io/problems/eating-bananas?list=neetcode150: 'list' object has no attribute 'strip'
2025-08-08 17:00:55,658 [ERROR] Description parse error at https://neetcode.io/problems/find-minimum-in-rotated-sorted-array?list=neetcode150: 'list' object has no attribute 'strip'
2025-08-08 17:00:56,869 [ERROR] Description parse error at https://neetcode.io/problems/find-target-in-rotated-sorted-array?list=neetcode150: 'list' object has no attribute 'strip'
2025-08-08 17:00:58,084 [ERROR] Description parse error at https://neetcode.io/problems/time-based-key-value-store?list=neetcode150: 'list' object has no attribute 'strip'
2025-08-08 17:00:59,391 [ERROR] Description parse error at https://neetcode.io/problems/median-of-two-sorted-arrays?list=neetcode150: 'list' object has no attribute 'strip'
2025-08-08 17:01:00,389 [ERROR] Description parse error at https://neetcode.io/problems/reverse-a-linked-list?list=neetcode150: 'list' object has no attribute 'strip'
2025-08-08 17:01:01,325 [ERROR] Description parse error at https://neetcode.io/problems/merge-two-sorted-linked-lists?list=neetcode150: 'list' object has no attribute 'strip'
2025-08-08 17:01:02,292 [ERROR] Description parse error at https://neetcode.io/problems/linked-list-cycle-detection?list=neetcode150: 'list' object has no attribute 'strip'
2025-08-08 17:01:03,779 [ERROR] Description parse error at https://neetcode.io/problems/reorder-linked-list?list=neetcode150: 'list' object has no attribute 'strip'
2025-08-08 17:01:04,751 [ERROR] Description parse error at https://neetcode.io/problems/remove-node-from-end-of-linked-list?list=neetcode150: 'list' object has no attribute 'strip'
2025-08-08 17:01:05,795 [ERROR] Description parse error at https://neetcode.io/problems/copy-linked-list-with-random-pointer?list=neetcode150: 'list' object has no attribute 'strip'
2025-08-08 17:01:06,744 [ERROR] Description parse error at https://neetcode.io/problems/add-two-numbers?list=neetcode150: 'list' object has no attribute 'strip'
2025-08-08 17:01:07,762 [ERROR] Description parse error at https://neetcode.io/problems/find-duplicate-integer?list=neetcode150: 'list' object has no attribute 'strip'
2025-08-08 17:01:09,231 [ERROR] Description parse error at https://neetcode.io/problems/lru-cache?list=neetcode150: 'list' object has no attribute 'strip'
2025-08-08 17:01:10,323 [ERROR] Description parse error at https://neetcode.io/problems/merge-k-sorted-linked-lists?list=neetcode150: 'list' object has no attribute 'strip'
2025-08-08 17:01:11,582 [ERROR] Description parse error at https://neetcode.io/problems/reverse-nodes-in-k-group?list=neetcode150: 'list' object has no attribute 'strip'
2025-08-08 17:01:12,521 [ERROR] Description parse error at https://neetcode.io/problems/invert-a-binary-tree?list=neetcode150: 'list' object has no attribute 'strip'
2025-08-08 17:01:13,977 [ERROR] Description parse error at https://neetcode.io/problems/depth-of-binary-tree?list=neetcode150: 'list' object has no attribute 'strip'
2025-08-08 17:01:15,073 [ERROR] Description parse error at https://neetcode.io/problems/binary-tree-diameter?list=neetcode150: 'list' object has no attribute 'strip'
2025-08-08 17:01:16,175 [ERROR] Description parse error at https://neetcode.io/problems/balanced-binary-tree?list=neetcode150: 'list' object has no attribute 'strip'
2025-08-08 17:01:17,649 [ERROR] Description parse error at https://neetcode.io/problems/same-binary-tree?list=neetcode150: 'list' object has no attribute 'strip'
2025-08-08 17:01:18,747 [ERROR] Description parse error at https://neetcode.io/problems/subtree-of-a-binary-tree?list=neetcode150: 'list' object has no attribute 'strip'
2025-08-08 17:01:20,243 [ERROR] Description parse error at https://neetcode.io/problems/lowest-common-ancestor-in-binary-search-tree?list=neetcode150: 'list' object has no attribute 'strip'
2025-08-08 17:01:21,329 [ERROR] Description parse error at https://neetcode.io/problems/level-order-traversal-of-binary-tree?list=neetcode150: 'list' object has no attribute 'strip'
2025-08-08 17:01:22,365 [ERROR] Description parse error at https://neetcode.io/problems/binary-tree-right-side-view?list=neetcode150: 'list' object has no attribute 'strip'
2025-08-08 17:01:23,282 [ERROR] Description parse error at https://neetcode.io/problems/count-good-nodes-in-binary-tree?list=neetcode150: 'list' object has no attribute 'strip'
2025-08-08 17:01:24,227 [ERROR] Description parse error at https://neetcode.io/problems/valid-binary-search-tree?list=neetcode150: 'list' object has no attribute 'strip'
2025-08-08 17:01:25,267 [ERROR] Description parse error at https://neetcode.io/problems/kth-smallest-integer-in-bst?list=neetcode150: 'list' object has no attribute 'strip'
2025-08-08 17:01:26,268 [ERROR] Description parse error at https://neetcode.io/problems/binary-tree-from-preorder-and-inorder-traversal?list=neetcode150: 'list' object has no attribute 'strip'
2025-08-08 17:01:27,732 [ERROR] Description parse error at https://neetcode.io/problems/binary-tree-maximum-path-sum?list=neetcode150: 'list' object has no attribute 'strip'
2025-08-08 17:01:29,194 [ERROR] Description parse error at https://neetcode.io/problems/serialize-and-deserialize-binary-tree?list=neetcode150: 'list' object has no attribute 'strip'
2025-08-08 17:01:30,651 [ERROR] Description parse error at https://neetcode.io/problems/kth-largest-integer-in-a-stream?list=neetcode150: 'list' object has no attribute 'strip'
2025-08-08 17:01:31,679 [ERROR] Description parse error at https://neetcode.io/problems/last-stone-weight?list=neetcode150: 'list' object has no attribute 'strip'
2025-08-08 17:01:32,792 [ERROR] Description parse error at https://neetcode.io/problems/k-closest-points-to-origin?list=neetcode150: 'list' object has no attribute 'strip'
2025-08-08 17:01:33,779 [ERROR] Description parse error at https://neetcode.io/problems/kth-largest-element-in-an-array?list=neetcode150: 'list' object has no attribute 'strip'
2025-08-08 17:01:34,861 [ERROR] Description parse error at https://neetcode.io/problems/task-scheduling?list=neetcode150: 'list' object has no attribute 'strip'
2025-08-08 17:01:35,931 [ERROR] Description parse error at https://neetcode.io/problems/design-twitter-feed?list=neetcode150: 'list' object has no attribute 'strip'
2025-08-08 17:01:37,025 [ERROR] Description parse error at https://neetcode.io/problems/find-median-in-a-data-stream?list=neetcode150: 'list' object has no attribute 'strip'
2025-08-08 17:01:38,094 [ERROR] Description parse error at https://neetcode.io/problems/subsets?list=neetcode150: 'list' object has no attribute 'strip'
2025-08-08 17:01:39,078 [ERROR] Description parse error at https://neetcode.io/problems/combination-target-sum?list=neetcode150: 'list' object has no attribute 'strip'
2025-08-08 17:01:40,099 [ERROR] Description parse error at https://neetcode.io/problems/combination-target-sum-ii?list=neetcode150: 'list' object has no attribute 'strip'
2025-08-08 17:01:41,037 [ERROR] Description parse error at https://neetcode.io/problems/permutations?list=neetcode150: 'list' object has no attribute 'strip'
2025-08-08 17:01:42,247 [ERROR] Description parse error at https://neetcode.io/problems/subsets-ii?list=neetcode150: 'list' object has no attribute 'strip'
2025-08-08 17:01:43,760 [ERROR] Description parse error at https://neetcode.io/problems/search-for-word?list=neetcode150: 'list' object has no attribute 'strip'
2025-08-08 17:01:44,947 [ERROR] Description parse error at https://neetcode.io/problems/palindrome-partitioning?list=neetcode150: 'list' object has no attribute 'strip'
2025-08-08 17:01:45,930 [ERROR] Description parse error at https://neetcode.io/problems/combinations-of-a-phone-number?list=neetcode150: 'list' object has no attribute 'strip'
2025-08-08 17:01:47,014 [ERROR] Description parse error at https://neetcode.io/problems/n-queens?list=neetcode150: 'list' object has no attribute 'strip'
2025-08-08 17:01:48,181 [ERROR] Description parse error at https://neetcode.io/problems/implement-prefix-tree?list=neetcode150: 'list' object has no attribute 'strip'
2025-08-08 17:01:49,360 [ERROR] Description parse error at https://neetcode.io/problems/design-word-search-data-structure?list=neetcode150: 'list' object has no attribute 'strip'
2025-08-08 17:01:50,349 [ERROR] Description parse error at https://neetcode.io/problems/search-for-word-ii?list=neetcode150: 'list' object has no attribute 'strip'
2025-08-08 17:01:51,478 [ERROR] Description parse error at https://neetcode.io/problems/count-number-of-islands?list=neetcode150: 'list' object has no attribute 'strip'
2025-08-08 17:01:52,962 [ERROR] Description parse error at https://neetcode.io/problems/max-area-of-island?list=neetcode150: 'list' object has no attribute 'strip'
2025-08-08 17:01:54,078 [ERROR] Description parse error at https://neetcode.io/problems/clone-graph?list=neetcode150: 'list' object has no attribute 'strip'
2025-08-08 17:01:55,534 [ERROR] Description parse error at https://neetcode.io/problems/islands-and-treasure?list=neetcode150: 'list' object has no attribute 'strip'
2025-08-08 17:01:56,666 [ERROR] Description parse error at https://neetcode.io/problems/rotting-fruit?list=neetcode150: 'list' object has no attribute 'strip'
2025-08-08 17:01:58,126 [ERROR] Description parse error at https://neetcode.io/problems/pacific-atlantic-water-flow?list=neetcode150: 'list' object has no attribute 'strip'
2025-08-08 17:01:59,208 [ERROR] Description parse error at https://neetcode.io/problems/surrounded-regions?list=neetcode150: 'list' object has no attribute 'strip'
2025-08-08 17:02:00,630 [ERROR] Description parse error at https://neetcode.io/problems/course-schedule?list=neetcode150: 'list' object has no attribute 'strip'
2025-08-08 17:02:01,726 [ERROR] Description parse error at https://neetcode.io/problems/course-schedule-ii?list=neetcode150: 'list' object has no attribute 'strip'
2025-08-08 17:02:02,838 [ERROR] Description parse error at https://neetcode.io/problems/valid-tree?list=neetcode150: 'list' object has no attribute 'strip'
2025-08-08 17:02:03,880 [ERROR] Description parse error at https://neetcode.io/problems/count-connected-components?list=neetcode150: 'list' object has no attribute 'strip'
2025-08-08 17:02:04,913 [ERROR] Description parse error at https://neetcode.io/problems/redundant-connection?list=neetcode150: 'list' object has no attribute 'strip'
2025-08-08 17:02:06,030 [ERROR] Description parse error at https://neetcode.io/problems/word-ladder?list=neetcode150: 'list' object has no attribute 'strip'
2025-08-08 17:02:07,210 [ERROR] Description parse error at https://neetcode.io/problems/network-delay-time?list=neetcode150: 'list' object has no attribute 'strip'
2025-08-08 17:02:08,299 [ERROR] Description parse error at https://neetcode.io/problems/reconstruct-flight-path?list=neetcode150: 'list' object has no attribute 'strip'
2025-08-08 17:02:09,375 [ERROR] Description parse error at https://neetcode.io/problems/min-cost-to-connect-points?list=neetcode150: 'list' object has no attribute 'strip'
2025-08-08 17:02:10,477 [ERROR] Description parse error at https://neetcode.io/problems/swim-in-rising-water?list=neetcode150: 'list' object has no attribute 'strip'
2025-08-08 17:02:11,692 [ERROR] Description parse error at https://neetcode.io/problems/foreign-dictionary?list=neetcode150: 'list' object has no attribute 'strip'
2025-08-08 17:02:12,812 [ERROR] Description parse error at https://neetcode.io/problems/cheapest-flight-path?list=neetcode150: 'list' object has no attribute 'strip'
2025-08-08 17:02:13,791 [ERROR] Description parse error at https://neetcode.io/problems/climbing-stairs?list=neetcode150: 'list' object has no attribute 'strip'
2025-08-08 17:02:14,877 [ERROR] Description parse error at https://neetcode.io/problems/min-cost-climbing-stairs?list=neetcode150: 'list' object has no attribute 'strip'
2025-08-08 17:02:16,326 [ERROR] Description parse error at https://neetcode.io/problems/house-robber?list=neetcode150: 'list' object has no attribute 'strip'
2025-08-08 17:02:17,376 [ERROR] Description parse error at https://neetcode.io/problems/house-robber-ii?list=neetcode150: 'list' object has no attribute 'strip'
2025-08-08 17:02:18,775 [ERROR] Description parse error at https://neetcode.io/problems/longest-palindromic-substring?list=neetcode150: 'list' object has no attribute 'strip'
2025-08-08 17:02:19,714 [ERROR] Description parse error at https://neetcode.io/problems/palindromic-substrings?list=neetcode150: 'list' object has no attribute 'strip'
2025-08-08 17:02:20,761 [ERROR] Description parse error at https://neetcode.io/problems/decode-ways?list=neetcode150: 'list' object has no attribute 'strip'
2025-08-08 17:02:21,760 [ERROR] Description parse error at https://neetcode.io/problems/coin-change?list=neetcode150: 'list' object has no attribute 'strip'
2025-08-08 17:02:22,793 [ERROR] Description parse error at https://neetcode.io/problems/maximum-product-subarray?list=neetcode150: 'list' object has no attribute 'strip'
2025-08-08 17:02:23,927 [ERROR] Description parse error at https://neetcode.io/problems/word-break?list=neetcode150: 'list' object has no attribute 'strip'
2025-08-08 17:02:24,979 [ERROR] Description parse error at https://neetcode.io/problems/longest-increasing-subsequence?list=neetcode150: 'list' object has no attribute 'strip'
2025-08-08 17:02:26,060 [ERROR] Description parse error at https://neetcode.io/problems/partition-equal-subset-sum?list=neetcode150: 'list' object has no attribute 'strip'
2025-08-08 17:02:27,206 [ERROR] Description parse error at https://neetcode.io/problems/count-paths?list=neetcode150: 'list' object has no attribute 'strip'
2025-08-08 17:02:28,678 [ERROR] Description parse error at https://neetcode.io/problems/longest-common-subsequence?list=neetcode150: 'list' object has no attribute 'strip'
2025-08-08 17:02:29,849 [ERROR] Description parse error at https://neetcode.io/problems/buy-and-sell-crypto-with-cooldown?list=neetcode150: 'list' object has no attribute 'strip'
2025-08-08 17:02:30,809 [ERROR] Description parse error at https://neetcode.io/problems/coin-change-ii?list=neetcode150: 'list' object has no attribute 'strip'
2025-08-08 17:02:31,990 [ERROR] Description parse error at https://neetcode.io/problems/target-sum?list=neetcode150: 'list' object has no attribute 'strip'
2025-08-08 17:02:33,235 [ERROR] Description parse error at https://neetcode.io/problems/interleaving-string?list=neetcode150: 'list' object has no attribute 'strip'
2025-08-08 17:02:34,300 [ERROR] Description parse error at https://neetcode.io/problems/longest-increasing-path-in-matrix?list=neetcode150: 'list' object has no attribute 'strip'
2025-08-08 17:02:35,411 [ERROR] Description parse error at https://neetcode.io/problems/count-subsequences?list=neetcode150: 'list' object has no attribute 'strip'
2025-08-08 17:02:36,565 [ERROR] Description parse error at https://neetcode.io/problems/edit-distance?list=neetcode150: 'list' object has no attribute 'strip'
2025-08-08 17:02:37,679 [ERROR] Description parse error at https://neetcode.io/problems/burst-balloons?list=neetcode150: 'list' object has no attribute 'strip'
2025-08-08 17:02:38,781 [ERROR] Description parse error at https://neetcode.io/problems/regular-expression-matching?list=neetcode150: 'list' object has no attribute 'strip'
2025-08-08 17:02:39,858 [ERROR] Description parse error at https://neetcode.io/problems/maximum-subarray?list=neetcode150: 'list' object has no attribute 'strip'
2025-08-08 17:02:41,084 [ERROR] Description parse error at https://neetcode.io/problems/jump-game?list=neetcode150: 'list' object has no attribute 'strip'
2025-08-08 17:02:42,081 [ERROR] Description parse error at https://neetcode.io/problems/jump-game-ii?list=neetcode150: 'list' object has no attribute 'strip'
2025-08-08 17:02:43,287 [ERROR] Description parse error at https://neetcode.io/problems/gas-station?list=neetcode150: 'list' object has no attribute 'strip'
2025-08-08 17:02:44,261 [ERROR] Description parse error at https://neetcode.io/problems/hand-of-straights?list=neetcode150: 'list' object has no attribute 'strip'
2025-08-08 17:02:45,297 [ERROR] Description parse error at https://neetcode.io/problems/merge-triplets-to-form-target?list=neetcode150: 'list' object has no attribute 'strip'
2025-08-08 17:02:46,318 [ERROR] Description parse error at https://neetcode.io/problems/partition-labels?list=neetcode150: 'list' object has no attribute 'strip'
2025-08-08 17:02:47,727 [ERROR] Description parse error at https://neetcode.io/problems/valid-parenthesis-string?list=neetcode150: 'list' object has no attribute 'strip'
2025-08-08 17:02:48,766 [ERROR] Description parse error at https://neetcode.io/problems/insert-new-interval?list=neetcode150: 'list' object has no attribute 'strip'
2025-08-08 17:02:49,810 [ERROR] Description parse error at https://neetcode.io/problems/merge-intervals?list=neetcode150: 'list' object has no attribute 'strip'
2025-08-08 17:02:50,934 [ERROR] Description parse error at https://neetcode.io/problems/non-overlapping-intervals?list=neetcode150: 'list' object has no attribute 'strip'
2025-08-08 17:02:52,016 [ERROR] Description parse error at https://neetcode.io/problems/meeting-schedule?list=neetcode150: 'list' object has no attribute 'strip'
2025-08-08 17:02:53,101 [ERROR] Description parse error at https://neetcode.io/problems/meeting-schedule-ii?list=neetcode150: 'list' object has no attribute 'strip'
2025-08-08 17:02:54,202 [ERROR] Description parse error at https://neetcode.io/problems/minimum-interval-including-query?list=neetcode150: 'list' object has no attribute 'strip'
2025-08-08 17:02:55,309 [ERROR] Description parse error at https://neetcode.io/problems/rotate-matrix?list=neetcode150: 'list' object has no attribute 'strip'
2025-08-08 17:02:56,817 [ERROR] Description parse error at https://neetcode.io/problems/spiral-matrix?list=neetcode150: 'list' object has no attribute 'strip'
2025-08-08 17:02:57,915 [ERROR] Description parse error at https://neetcode.io/problems/set-zeroes-in-matrix?list=neetcode150: 'list' object has no attribute 'strip'
2025-08-08 17:02:59,027 [ERROR] Description parse error at https://neetcode.io/problems/non-cyclical-number?list=neetcode150: 'list' object has no attribute 'strip'
2025-08-08 17:03:00,144 [ERROR] Description parse error at https://neetcode.io/problems/plus-one?list=neetcode150: 'list' object has no attribute 'strip'
2025-08-08 17:03:01,246 [ERROR] Description parse error at https://neetcode.io/problems/pow-x-n?list=neetcode150: 'list' object has no attribute 'strip'
2025-08-08 17:03:02,698 [ERROR] Description parse error at https://neetcode.io/problems/multiply-strings?list=neetcode150: 'list' object has no attribute 'strip'
2025-08-08 17:03:03,833 [ERROR] Description parse error at https://neetcode.io/problems/count-squares?list=neetcode150: 'list' object has no attribute 'strip'
2025-08-08 17:03:05,215 [ERROR] Description parse error at https://neetcode.io/problems/single-number?list=neetcode150: 'list' object has no attribute 'strip'
2025-08-08 17:03:06,128 [ERROR] Description parse error at https://neetcode.io/problems/number-of-one-bits?list=neetcode150: 'list' object has no attribute 'strip'
2025-08-08 17:03:07,179 [ERROR] Description parse error at https://neetcode.io/problems/counting-bits?list=neetcode150: 'list' object has no attribute 'strip'
2025-08-08 17:03:08,306 [ERROR] Description parse error at https://neetcode.io/problems/reverse-bits?list=neetcode150: 'list' object has no attribute 'strip'
2025-08-08 17:03:09,342 [ERROR] Description parse error at https://neetcode.io/problems/missing-number?list=neetcode150: 'list' object has no attribute 'strip'
2025-08-08 17:03:10,394 [ERROR] Description parse error at https://neetcode.io/problems/sum-of-two-integers?list=neetcode150: 'list' object has no attribute 'strip'
2025-08-08 17:03:11,363 [ERROR] Description parse error at https://neetcode.io/problems/reverse-integer?list=neetcode150: 'list' object has no attribute 'strip'
